# JRE version: Java(TM) SE Runtime Environment (8.0_71-b15) (build 1.8.0_71-b15)
# Java VM: Java HotSpot(TM) 64-Bit Server VM (25.71-b15 mixed mode windows-amd64 compressed oops)
Heap:
 PSYoungGen      total 88576K, used 88559K [0x000000078b200000, 0x0000000795f00000, 0x00000007c0000000)
  eden space 81920K, 100% used [0x000000078b200000,0x0000000790200000,0x0000000790200000)
  from space 6656K, 99% used [0x0000000790200000,0x000000079087bc78,0x0000000790880000)
  to   space 6656K, 15% used [0x0000000795880000,0x000000079597e010,0x0000000795f00000)
 ParOldGen       total 109568K, used 19978K [0x0000000721600000, 0x0000000728100000, 0x000000078b200000)
  object space 109568K, 18% used [0x0000000721600000,0x00000007229828c8,0x0000000728100000)
 Metaspace       used 15548K, capacity 15926K, committed 16256K, reserved 1062912K
  class space    used 1658K, capacity 1807K, committed 1920K, reserved 1048576K
GC Heap History (7 events):
Event: 2.654 GC heap before
{Heap before GC invocations=1 (full 0):
 PSYoungGen      total 47616K, used 40960K [0x000000078b200000, 0x000000078e700000, 0x00000007c0000000)
  eden space 40960K, 100% used [0x000000078b200000,0x000000078da00000,0x000000078da00000)
  from space 6656K, 0% used [0x000000078e080000,0x000000078e080000,0x000000078e700000)
  to   space 6656K, 0% used [0x000000078da00000,0x000000078da00000,0x000000078e080000)
 ParOldGen       total 109568K, used 0K [0x0000000721600000, 0x0000000728100000, 0x000000078b200000)
  object space 109568K, 0% used [0x0000000721600000,0x0000000721600000,0x0000000728100000)
 Metaspace       used 13316K, capacity 13514K, committed 13824K, reserved 1060864K
  class space    used 1450K, capacity 1525K, committed 1536K, reserved 1048576K
Event: 2.700 GC heap after
Heap after GC invocations=1 (full 0):
 PSYoungGen      total 47616K, used 6636K [0x000000078b200000, 0x0000000790f00000, 0x00000007c0000000)
  eden space 40960K, 0% used [0x000000078b200000,0x000000078b200000,0x000000078da00000)
  from space 6656K, 99% used [0x000000078da00000,0x000000078e07b3f0,0x000000078e080000)
  to   space 6656K, 0% used [0x0000000790880000,0x0000000790880000,0x0000000790f00000)
 ParOldGen       total 109568K, used 2163K [0x0000000721600000, 0x0000000728100000, 0x000000078b200000)
  object space 109568K, 1% used [0x0000000721600000,0x000000072181cdf8,0x0000000728100000)
 Metaspace       used 13316K, capacity 13514K, committed 13824K, reserved 1060864K
  class space    used 1450K, capacity 1525K, committed 1536K, reserved 1048576K
}
Event: 4.008 GC heap before
{Heap before GC invocations=2 (full 0):
 PSYoungGen      total 47616K, used 47596K [0x000000078b200000, 0x0000000790f00000, 0x00000007c0000000)
  eden space 40960K, 100% used [0x000000078b200000,0x000000078da00000,0x000000078da00000)
  from space 6656K, 99% used [0x000000078da00000,0x000000078e07b3f0,0x000000078e080000)
  to   space 6656K, 0% used [0x0000000790880000,0x0000000790880000,0x0000000790f00000)
 ParOldGen       total 109568K, used 2163K [0x0000000721600000, 0x0000000728100000, 0x000000078b200000)
  object space 109568K, 1% used [0x0000000721600000,0x000000072181cdf8,0x0000000728100000)
 Metaspace       used 15125K, capacity 15436K, committed 15616K, reserved 1062912K
  class space    used 1628K, capacity 1732K, committed 1792K, reserved 1048576K
Event: 4.099 GC heap after
Heap after GC invocations=2 (full 0):
 PSYoungGen      total 88576K, used 6655K [0x000000078b200000, 0x0000000790f00000, 0x00000007c0000000)
  eden space 81920K, 0% used [0x000000078b200000,0x000000078b200000,0x0000000790200000)
  from space 6656K, 99% used [0x0000000790880000,0x0000000790efff20,0x0000000790f00000)
  to   space 6656K, 0% used [0x0000000790200000,0x0000000790200000,0x0000000790880000)
 ParOldGen       total 109568K, used 7091K [0x0000000721600000, 0x0000000728100000, 0x000000078b200000)
  object space 109568K, 6% used [0x0000000721600000,0x0000000721cecd68,0x0000000728100000)
 Metaspace       used 15125K, capacity 15436K, committed 15616K, reserved 1062912K
  class space    used 1628K, capacity 1732K, committed 1792K, reserved 1048576K
}
Event: 5.144 GC heap before
{Heap before GC invocations=3 (full 0):
 PSYoungGen      total 88576K, used 88575K [0x000000078b200000, 0x0000000790f00000, 0x00000007c0000000)
  eden space 81920K, 100% used [0x000000078b200000,0x0000000790200000,0x0000000790200000)
  from space 6656K, 99% used [0x0000000790880000,0x0000000790efff20,0x0000000790f00000)
  to   space 6656K, 0% used [0x0000000790200000,0x0000000790200000,0x0000000790880000)
 ParOldGen       total 109568K, used 7091K [0x0000000721600000, 0x0000000728100000, 0x000000078b200000)
  object space 109568K, 6% used [0x0000000721600000,0x0000000721cecd68,0x0000000728100000)
 Metaspace       used 15356K, capacity 15640K, committed 15872K, reserved 1062912K
  class space    used 1637K, capacity 1734K, committed 1792K, reserved 1048576K
Event: 5.170 GC heap after
Heap after GC invocations=3 (full 0):
 PSYoungGen      total 88576K, used 6639K [0x000000078b200000, 0x0000000795f00000, 0x00000007c0000000)
  eden space 81920K, 0% used [0x000000078b200000,0x000000078b200000,0x0000000790200000)
  from space 6656K, 99% used [0x0000000790200000,0x000000079087bc78,0x0000000790880000)
  to   space 6656K, 0% used [0x0000000795880000,0x0000000795880000,0x0000000795f00000)
 ParOldGen       total 109568K, used 19978K [0x0000000721600000, 0x0000000728100000, 0x000000078b200000)
  object space 109568K, 18% used [0x0000000721600000,0x00000007229828c8,0x0000000728100000)
 Metaspace       used 15356K, capacity 15640K, committed 15872K, reserved 1062912K
  class space    used 1637K, capacity 1734K, committed 1792K, reserved 1048576K
}
Event: 5.979 GC heap before
{Heap before GC invocations=4 (full 0):
 PSYoungGen      total 88576K, used 88559K [0x000000078b200000, 0x0000000795f00000, 0x00000007c0000000)
  eden space 81920K, 100% used [0x000000078b200000,0x0000000790200000,0x0000000790200000)
  from space 6656K, 99% used [0x0000000790200000,0x000000079087bc78,0x0000000790880000)
  to   space 6656K, 0% used [0x0000000795880000,0x0000000795880000,0x0000000795f00000)
 ParOldGen       total 109568K, used 19978K [0x0000000721600000, 0x0000000728100000, 0x000000078b200000)
  object space 109568K, 18% used [0x0000000721600000,0x00000007229828c8,0x0000000728100000)
 Metaspace       used 15548K, capacity 15926K, committed 16256K, reserved 1062912K
  class space    used 1658K, capacity 1807K, committed 1920K, reserved 1048576K

